Arguments: 
  /opt/node-v12.13.0-linux-x64/bin/node /usr/share/yarn/bin/yarn.js add @types/react-rater-plus

PATH: 
  /home/kros/.yarn/bin:/home/kros/.pyenv/plugins/pyenv-virtualenv/shims:/home/kros/.pyenv/shims:~/.pyenv/bin:/opt/node-v12.13.0-linux-x64/bin:/home/kros/.yarn/bin:/home/kros/.pyenv/plugins/pyenv-virtualenv/shims:/home/kros/.pyenv/shims:~/.pyenv/bin:/opt/node-v12.13.0-linux-x64/bin:/home/kros/.sdkman/candidates/kotlin/current/bin:/home/kros/.sdkman/candidates/gradle/current/bin:/opt/node-v12.13.0-linux-x64/bin:/home/kros/.local/bin:/usr/local/sbin:/usr/local/bin:/usr/sbin:/usr/bin:/sbin:/bin:/usr/games:/usr/local/games:/snap/bin:/opt/mssql-tools/bin:/opt/mssql-tools/bin

Yarn version: 
  1.21.1

Node version: 
  12.13.0

Platform: 
  linux x64

Trace: 
  Error: https://registry.yarnpkg.com/@types%2freact-rater-plus: Not found
      at Request.params.callback [as _callback] (/usr/share/yarn/lib/cli.js:66947:18)
      at Request.self.callback (/usr/share/yarn/lib/cli.js:140665:22)
      at Request.emit (events.js:210:5)
      at Request.<anonymous> (/usr/share/yarn/lib/cli.js:141637:10)
      at Request.emit (events.js:210:5)
      at IncomingMessage.<anonymous> (/usr/share/yarn/lib/cli.js:141559:12)
      at Object.onceWrapper (events.js:299:28)
      at IncomingMessage.emit (events.js:215:7)
      at endReadableNT (_stream_readable.js:1183:12)
      at processTicksAndRejections (internal/process/task_queues.js:80:21)

npm manifest: 
  {
    "dependencies": {
      "react-rater": "^5.1.1",
      "react-rater-plus": "^0.2.0"
    }
  }

yarn manifest: 
  No manifest

Lockfile: 
  # THIS IS AN AUTOGENERATED FILE. DO NOT EDIT THIS FILE DIRECTLY.
  # yarn lockfile v1
  
  
  "js-tokens@^3.0.0 || ^4.0.0":
    version "4.0.0"
    resolved "https://registry.yarnpkg.com/js-tokens/-/js-tokens-4.0.0.tgz#19203fb59991df98e3a287050d4647cdeaf32499"
    integrity sha512-RdJUflcE3cUzKiMqQgsCu06FPu9UdIJO0beYbPhHN4k6apgJtifcoCtT9bcxOpYBtpD2kCM6Sbzg4CausW/PKQ==
  
  loose-envify@^1.1.0, loose-envify@^1.4.0:
    version "1.4.0"
    resolved "https://registry.yarnpkg.com/loose-envify/-/loose-envify-1.4.0.tgz#71ee51fa7be4caec1a63839f7e682d8132d30caf"
    integrity sha512-lyuxPGr/Wfhrlem2CL/UcnUc1zcqKAImBDzukY7Y5F/yQiNdko6+fRLevlw1HgMySw7f611UIY408EtxRSoK3Q==
    dependencies:
      js-tokens "^3.0.0 || ^4.0.0"
  
  object-assign@^4.1.1:
    version "4.1.1"
    resolved "https://registry.yarnpkg.com/object-assign/-/object-assign-4.1.1.tgz#2109adc7965887cfc05cbbd442cac8bfbb360863"
    integrity sha1-IQmtx5ZYh8/AXLvUQsrIv7s2CGM=
  
  prop-types@^15.6.2, prop-types@^15.7.2:
    version "15.7.2"
    resolved "https://registry.yarnpkg.com/prop-types/-/prop-types-15.7.2.tgz#52c41e75b8c87e72b9d9360e0206b99dcbffa6c5"
    integrity sha512-8QQikdH7//R2vurIJSutZ1smHYTcLpRWEOlHnzcWHmBYrOGUysKwSsrC89BCiFj3CbrfJ/nXFdJepOVrY1GCHQ==
    dependencies:
      loose-envify "^1.4.0"
      object-assign "^4.1.1"
      react-is "^16.8.1"
  
  react-dom@^16.0.0:
    version "16.12.0"
    resolved "https://registry.yarnpkg.com/react-dom/-/react-dom-16.12.0.tgz#0da4b714b8d13c2038c9396b54a92baea633fe11"
    integrity sha512-LMxFfAGrcS3kETtQaCkTKjMiifahaMySFDn71fZUNpPHZQEzmk/GiAeIT8JSOrHB23fnuCOMruL2a8NYlw+8Gw==
    dependencies:
      loose-envify "^1.1.0"
      object-assign "^4.1.1"
      prop-types "^15.6.2"
      scheduler "^0.18.0"
  
  react-is@^16.8.1:
    version "16.12.0"
    resolved "https://registry.yarnpkg.com/react-is/-/react-is-16.12.0.tgz#2cc0fe0fba742d97fd527c42a13bec4eeb06241c"
    integrity sha512-rPCkf/mWBtKc97aLL9/txD8DZdemK0vkA3JMLShjlJB3Pj3s+lpf1KaBzMfQrAmhMQB0n1cU/SUGgKKBCe837Q==
  
  react-rater-plus@^0.2.0:
    version "0.2.0"
    resolved "https://registry.yarnpkg.com/react-rater-plus/-/react-rater-plus-0.2.0.tgz#20f7ea7527525410ae410c6c43e9441b31e07351"
    integrity sha1-IPfqdSdSVBCuQQxsQ+lEGzHgc1E=
  
  react-rater@^5.1.1:
    version "5.1.1"
    resolved "https://registry.yarnpkg.com/react-rater/-/react-rater-5.1.1.tgz#0d066cf816c182277bee8ca48748ca9b9f32feea"
    integrity sha512-eQYZySMU/jA9y8PVE91u3GTYBs4extBnd0MpRyJ/6IAT8iPSA9liKFMkD54/Y2CKh/Pj0mhMHa0pXQxoSub9xw==
    dependencies:
      prop-types "^15.7.2"
      react "^16.0.0"
      react-dom "^16.0.0"
  
  react@^16.0.0:
    version "16.12.0"
    resolved "https://registry.yarnpkg.com/react/-/react-16.12.0.tgz#0c0a9c6a142429e3614834d5a778e18aa78a0b83"
    integrity sha512-fglqy3k5E+81pA8s+7K0/T3DBCF0ZDOher1elBFzF7O6arXJgzyu/FW+COxFvAWXJoJN9KIZbT2LXlukwphYTA==
    dependencies:
      loose-envify "^1.1.0"
      object-assign "^4.1.1"
      prop-types "^15.6.2"
  
  scheduler@^0.18.0:
    version "0.18.0"
    resolved "https://registry.yarnpkg.com/scheduler/-/scheduler-0.18.0.tgz#5901ad6659bc1d8f3fdaf36eb7a67b0d6746b1c4"
    integrity sha512-agTSHR1Nbfi6ulI0kYNK0203joW2Y5W4po4l+v03tOoiJKpTBbxpNhWDvqc/4IcOw+KLmSiQLTasZ4cab2/UWQ==
    dependencies:
      loose-envify "^1.1.0"
      object-assign "^4.1.1"
